<?xml version="1.0" encoding="UTF-8"?>
<!-- Generated by org.testng.reporters.JUnitReportReporter -->
<testsuite hostname="MacBook-Air-2" failures="0" tests="2" name="TestRubberDucks" time="1.302" errors="0" timestamp="2022-04-04T16:43:59 MSK" skipped="0">
  <testcase classname="TestRubberDucks" name="sortName" time="0.974"/>
  <system-out/>
  <testcase classname="TestRubberDucks" name="sortPrice" time="0.328"/>
  <system-out/>
</testsuite> <!-- TestRubberDucks -->
