<?xml version="1.0" encoding="UTF-8"?>
<!-- Generated by org.testng.reporters.JUnitReportReporter -->
<testsuite hostname="MacBook-Air-2" failures="0" tests="3" name="TestSubcategory" time="0.948" errors="0" timestamp="2022-04-04T16:43:59 MSK" skipped="0">
  <testcase classname="TestSubcategory" name="checkGreenDuckLabel" time="0.346"/>
  <system-out/>
  <testcase classname="TestSubcategory" name="checkPinkDuckLabelCheck" time="0.300"/>
  <system-out/>
  <testcase classname="TestSubcategory" name="checkYellowDuckLabel" time="0.302"/>
  <system-out/>
</testsuite> <!-- TestSubcategory -->
